This is LuaTeX, Version 1.10.0 (Web2C 2019/NixOS.org)  (format=lualatex 1980.1.1)  13 SEP 2020 18:37
 restricted system commands enabled.
 file:line:error style messages enabled.
**summer2020resume.tex
(./summer2020resume.tex
LaTeX2e <2020-02-02> patch level 5
Lua module: luaotfload-main 2020-02-02 3.12 luaotfload entry point
Lua module: luaotfload-init 2020-02-02 3.12 luaotfload submodule / initializatio
n
Lua module: lualibs 2020-02-02 2.70 ConTeXt Lua standard libraries.
Lua module: lualibs-extended 2020-02-02 2.70 ConTeXt Lua libraries -- extended c
ollection.
Lua module: luaotfload-log 2020-02-02 3.12 luaotfload submodule / logging
Lua module: luaotfload-parsers 2020-02-02 3.12 luaotfload submodule / filelist
Lua module: luaotfload-configuration 2020-02-02 3.12 luaotfload submodule / conf
ig file reader
luaotfload | conf : Root cache directory is /home/o/.texlive2019/texmf-var/luate
x-cache/generic-dev/names.
luaotfload | init : Loading fontloader “fontloader-2020-01-26.lua” from kpse
-resolved path “/nix/store/lh3wk9jx68lxjw9hm3zmmj3ppn80j96q-texlive-combined-2
019/share/texmf/tex/luatex/luaotfload/fontloader-2020-01-26.lua”.
Lua-only attribute luaotfload@state = 2
Lua-only attribute luaotfload@noligature = 3
Lua-only attribute luaotfload@syllabe = 4
luaotfload | init : Context OpenType loader version “3.11”
Inserting `luaotfload.node_processor' at position 1 in `pre_linebreak_filter'.
Inserting `luaotfload.node_processor' at position 1 in `hpack_filter'.
Lua module: luaotfload-loaders 2020-02-02 3.12 luaotfload submodule / callback h
andling
Inserting `luaotfload.define_font' at position 1 in `define_font'.
Lua module: luaotfload-database 2020-02-02 3.12 luaotfload submodule / database
Lua module: luaotfload-unicode 2020-02-02 3.12 luaotfload submodule / Unicode he
lpers
Lua module: luaotfload-colors 2020-02-02 3.12 luaotfload submodule / color
Lua-only attribute luaotfload_color_attribute = 5
Lua module: luaotfload-resolvers 2020-02-02 3.12 luaotfload submodule / resolver
s
luaotfload | conf : Root cache directory is /home/o/.texlive2019/texmf-var/luate
x-cache/generic-dev/names.
Lua module: luaotfload-features 2020-02-02 3.12 luaotfload submodule / features
Lua module: luaotfload-letterspace 2020-02-02 3.12 luaotfload submodule / color
Lua module: luaotfload-embolden 2020-02-02 3.12 luaotfload submodule / color
Lua module: luaotfload-notdef 2020-02-02 3.12 luaotfload submodule / color
Lua module: luaotfload-auxiliary 2020-02-02 3.12 luaotfload submodule / auxiliar
y functions
Inserting `luaotfload.aux.set_sscale_dimens' at position 1 in `luaotfload.patch_
font'.
Inserting `luaotfload.aux.set_font_index' at position 2 in `luaotfload.patch_fon
t'.
Inserting `luaotfload.aux.patch_cambria_domh' at position 3 in `luaotfload.patch
_font'.
Inserting `luaotfload.aux.fixup_fontdata' at position 1 in `luaotfload.patch_fon
t_unsafe'.
Inserting `luaotfload.aux.set_capheight' at position 4 in `luaotfload.patch_font
'.
Inserting `luaotfload.aux.set_xheight' at position 5 in `luaotfload.patch_font'.
Lua module: luaotfload-fallback 2020-02-02 3.12 luaotfload submodule / fallback
Lua module: luaotfload-multiscript 2020-02-02 3.12 luaotfload submodule / multis
cript
Lua module: luaotfload-script 2020-02-02 3.12 luaotfload submodule / Script help
ers
Lua module: luaotfload-tounicode 2020-02-02 3.12 luaotfload submodule / tounicod
e
Inserting `luaotfload.rewrite_fontname' at position 6 in `luaotfload.patch_font'
. L3 programming layer <2020-02-25>
(/nix/store/lh3wk9jx68lxjw9hm3zmmj3ppn80j96q-texlive-combined-2019/share/texmf/
tex/latex/base/article.cls
Document Class: article 2019/12/20 v1.4l Standard LaTeX document class

(/nix/store/lh3wk9jx68lxjw9hm3zmmj3ppn80j96q-texlive-combined-2019/share/texmf/
tex/latex/base/size10.clo
File: size10.clo 2019/12/20 v1.4l Standard LaTeX file (size option)
luaotfload | db : Font names database loaded from /home/o/.texlive2019/texmf-var
/luatex-cache/generic-dev/names/luaotfload-names.luc
luaotfload | db : Reload initiated (formats: otf,ttf,ttc); reason: "File not fou
nd: lmroman10-regular.".)
\c@part=\count163
\c@section=\count164
\c@subsection=\count165
\c@subsubsection=\count166
\c@paragraph=\count167
\c@subparagraph=\count168
\c@figure=\count169
\c@table=\count170
\abovecaptionskip=\skip47
\belowcaptionskip=\skip48
\bibindent=\dimen134
)
(/nix/store/lh3wk9jx68lxjw9hm3zmmj3ppn80j96q-texlive-combined-2019/share/texmf/
tex/latex/geometry/geometry.sty
Package: geometry 2020/01/02 v5.9 Page Geometry

(/nix/store/lh3wk9jx68lxjw9hm3zmmj3ppn80j96q-texlive-combined-2019/share/texmf/
tex/latex/graphics/keyval.sty
Package: keyval 2014/10/28 v1.15 key=value parser (DPC)
\KV@toks@=\toks15
)
(/nix/store/lh3wk9jx68lxjw9hm3zmmj3ppn80j96q-texlive-combined-2019/share/texmf/
tex/generic/iftex/ifvtex.sty
Package: ifvtex 2019/10/25 v1.7 ifvtex legacy package. Use iftex instead.

(/nix/store/lh3wk9jx68lxjw9hm3zmmj3ppn80j96q-texlive-combined-2019/share/texmf/
tex/generic/iftex/iftex.sty
Package: iftex 2019/11/07 v1.0c TeX engine tests
))
\Gm@cnth=\count171
\Gm@cntv=\count172
\c@Gm@tempcnt=\count173
\Gm@bindingoffset=\dimen135
\Gm@wd@mp=\dimen136
\Gm@odd@mp=\dimen137
\Gm@even@mp=\dimen138
\Gm@layoutwidth=\dimen139
\Gm@layoutheight=\dimen140
\Gm@layouthoffset=\dimen141
\Gm@layoutvoffset=\dimen142
\Gm@dimlist=\toks16
)
(/nix/store/lh3wk9jx68lxjw9hm3zmmj3ppn80j96q-texlive-combined-2019/share/texmf/
tex/latex/graphics/graphicx.sty
Package: graphicx 2019/11/30 v1.2a Enhanced LaTeX Graphics (DPC,SPQR)

(/nix/store/lh3wk9jx68lxjw9hm3zmmj3ppn80j96q-texlive-combined-2019/share/texmf/
tex/latex/graphics/graphics.sty
Package: graphics 2019/11/30 v1.4a Standard LaTeX Graphics (DPC,SPQR)

(/nix/store/lh3wk9jx68lxjw9hm3zmmj3ppn80j96q-texlive-combined-2019/share/texmf/
tex/latex/graphics/trig.sty
Package: trig 2016/01/03 v1.10 sin cos tan (DPC)
)
(/nix/store/lh3wk9jx68lxjw9hm3zmmj3ppn80j96q-texlive-combined-2019/share/texmf/
tex/latex/graphics-cfg/graphics.cfg
File: graphics.cfg 2016/06/04 v1.11 sample graphics configuration
)
Package graphics Info: Driver file: luatex.def on input line 105.

(/nix/store/lh3wk9jx68lxjw9hm3zmmj3ppn80j96q-texlive-combined-2019/share/texmf/
tex/latex/graphics-def/luatex.def
File: luatex.def 2018/01/08 v1.0l Graphics/color driver for luatex
))
\Gin@req@height=\dimen143
\Gin@req@width=\dimen144
)
(/nix/store/lh3wk9jx68lxjw9hm3zmmj3ppn80j96q-texlive-combined-2019/share/texmf/
tex/latex/alegreya/Alegreya.sty
Package: Alegreya 2019/10/12 (Bob Tennent) Supports Alegreya and AlegreyaSC font
s for all LaTeX engines. 

(/nix/store/lh3wk9jx68lxjw9hm3zmmj3ppn80j96q-texlive-combined-2019/share/texmf/
tex/generic/iftex/ifxetex.sty
Package: ifxetex 2019/10/25 v0.7 ifxetex legacy package. Use iftex instead.
)
(/nix/store/lh3wk9jx68lxjw9hm3zmmj3ppn80j96q-texlive-combined-2019/share/texmf/
tex/generic/iftex/ifluatex.sty
Package: ifluatex 2019/10/25 v1.5 ifluatex legacy package. Use iftex instead.
)
(/nix/store/lh3wk9jx68lxjw9hm3zmmj3ppn80j96q-texlive-combined-2019/share/texmf/
tex/latex/base/textcomp.sty
Package: textcomp 2020/02/02 v2.0n Standard LaTeX package
)
(/nix/store/lh3wk9jx68lxjw9hm3zmmj3ppn80j96q-texlive-combined-2019/share/texmf/
tex/latex/xkeyval/xkeyval.sty
Package: xkeyval 2014/12/03 v2.7a package option processing (HA)

(/nix/store/lh3wk9jx68lxjw9hm3zmmj3ppn80j96q-texlive-combined-2019/share/texmf/
tex/generic/xkeyval/xkeyval.tex
(/nix/store/lh3wk9jx68lxjw9hm3zmmj3ppn80j96q-texlive-combined-2019/share/texmf/
tex/generic/xkeyval/xkvutils.tex
\XKV@toks=\toks17
\XKV@tempa@toks=\toks18
)
\XKV@depth=\count174
File: xkeyval.tex 2014/12/03 v2.7a key=value parser (HA)
))
(/nix/store/lh3wk9jx68lxjw9hm3zmmj3ppn80j96q-texlive-combined-2019/share/texmf/
tex/latex/fontspec/fontspec.sty
(/nix/store/lh3wk9jx68lxjw9hm3zmmj3ppn80j96q-texlive-combined-2019/share/texmf/
tex/latex/l3packages/xparse/xparse.sty
(/nix/store/lh3wk9jx68lxjw9hm3zmmj3ppn80j96q-texlive-combined-2019/share/texmf/
tex/latex/l3kernel/expl3.sty
Package: expl3 2020-02-25 L3 programming layer (loader) 

(/nix/store/lh3wk9jx68lxjw9hm3zmmj3ppn80j96q-texlive-combined-2019/share/texmf/
tex/latex/l3backend/l3backend-pdfmode.def
File: l3backend-pdfmode.def 2020-02-23 L3 backend support: PDF mode
\l__kernel_color_stack_int=\count175
\l__pdf_internal_box=\box45
))
Package: xparse 2020-02-25 L3 Experimental document command parser
\l__xparse_current_arg_int=\count176
\g__xparse_grabber_int=\count177
\l__xparse_m_args_int=\count178
\l__xparse_v_nesting_int=\count179
)
Package: fontspec 2020/02/21 v2.7i Font selection for XeLaTeX and LuaLaTeX
Lua module: fontspec 2020/02/21 2.7i Font selection for XeLaTeX and LuaLaTeX
(/nix/store/lh3wk9jx68lxjw9hm3zmmj3ppn80j96q-texlive-combined-2019/share/texmf/
tex/latex/fontspec/fontspec-luatex.sty
Package: fontspec-luatex 2020/02/21 v2.7i Font selection for XeLaTeX and LuaLaTe
X
\l__fontspec_script_int=\count180
\l__fontspec_language_int=\count181
\l__fontspec_strnum_int=\count182
\l__fontspec_tmp_int=\count183
\l__fontspec_tmpa_int=\count184
\l__fontspec_tmpb_int=\count185
\l__fontspec_tmpc_int=\count186
\l__fontspec_em_int=\count187
\l__fontspec_emdef_int=\count188
\l__fontspec_strong_int=\count189
\l__fontspec_strongdef_int=\count190
\l__fontspec_tmpa_dim=\dimen145
\l__fontspec_tmpb_dim=\dimen146
\l__fontspec_tmpc_dim=\dimen147

(/nix/store/lh3wk9jx68lxjw9hm3zmmj3ppn80j96q-texlive-combined-2019/share/texmf/
tex/latex/base/fontenc.sty
Package: fontenc 2020/02/11 v2.0o Standard LaTeX package
)
(/nix/store/lh3wk9jx68lxjw9hm3zmmj3ppn80j96q-texlive-combined-2019/share/texmf/
tex/latex/fontspec/fontspec.cfg)))

Package fontspec Info: Font family 'Alegreya(0)' created for font 'Alegreya'
(fontspec)             with options [Ligatures = TeX,Extension = .otf,Scale =
(fontspec)             1,Ligatures=TeX,Numbers =
(fontspec)             {Proportional,Lining},UprightFont =
(fontspec)             *-Regular,ItalicFont = *-Italic,BoldFont =
(fontspec)             *-Bold,BoldItalicFont = *-BoldItalic].
(fontspec)              
(fontspec)              This font family consists of the following NFSS
(fontspec)             series/shapes:
(fontspec)              
(fontspec)             - 'normal' (m/n) with NFSS spec.:
(fontspec)             <->s*[1]"[Alegreya-Regular.otf]:mode=node;script=latn;lan
guage=dflt;+tlig;+pnum;+lnum;"
(fontspec)             - 'small caps'  (m/sc) with NFSS spec.:
(fontspec)             <->s*[1]"[Alegreya-Regular.otf]:mode=node;script=latn;lan
guage=dflt;+tlig;+pnum;+lnum;+smcp;"
(fontspec)             - 'bold' (b/n) with NFSS spec.:
(fontspec)             <->s*[1]"[Alegreya-Bold.otf]:mode=node;script=latn;langua
ge=dflt;+tlig;+pnum;+lnum;"
(fontspec)             - 'bold small caps'  (b/sc) with NFSS spec.:
(fontspec)             <->s*[1]"[Alegreya-Bold.otf]:mode=node;script=latn;langua
ge=dflt;+tlig;+pnum;+lnum;+smcp;"
(fontspec)             - 'italic' (m/it) with NFSS spec.:
(fontspec)             <->s*[1]"[Alegreya-Italic.otf]:mode=node;script=latn;lang
uage=dflt;+tlig;+pnum;+lnum;"
(fontspec)             - 'italic small caps'  (m/scit) with NFSS spec.:
(fontspec)             <->s*[1]"[Alegreya-Italic.otf]:mode=node;script=latn;lang
uage=dflt;+tlig;+pnum;+lnum;+smcp;"
(fontspec)             - 'bold italic' (b/it) with NFSS spec.:
(fontspec)             <->s*[1]"[Alegreya-BoldItalic.otf]:mode=node;script=latn;
language=dflt;+tlig;+pnum;+lnum;"
(fontspec)             - 'bold italic small caps'  (b/scit) with NFSS spec.:
(fontspec)             <->s*[1]"[Alegreya-BoldItalic.otf]:mode=node;script=latn;
language=dflt;+tlig;+pnum;+lnum;+smcp;"

LaTeX Font Info:    Font shape `TU/Alegreya(0)/m/n' will be
(Font)              scaled to size 10.0pt on input line 169.

Package fontspec Info: Font family 'Alegreya(1)' created for font 'Alegreya'
(fontspec)             with options [Ligatures = TeX,Extension = .otf,Scale =
(fontspec)             1,Numbers = {Proportional,Lining},UprightFont =
(fontspec)             *-Regular,ItalicFont = *-Italic,BoldFont =
(fontspec)             *-Bold,BoldItalicFont = *-BoldItalic].
(fontspec)              
(fontspec)              This font family consists of the following NFSS
(fontspec)             series/shapes:
(fontspec)              
(fontspec)             - 'normal' (m/n) with NFSS spec.:
(fontspec)             <->s*[1]"[Alegreya-Regular.otf]:mode=node;script=latn;lan
guage=dflt;+tlig;+pnum;+lnum;"
(fontspec)             - 'small caps'  (m/sc) with NFSS spec.:
(fontspec)             <->s*[1]"[Alegreya-Regular.otf]:mode=node;script=latn;lan
guage=dflt;+tlig;+pnum;+lnum;+smcp;"
(fontspec)             - 'bold' (b/n) with NFSS spec.:
(fontspec)             <->s*[1]"[Alegreya-Bold.otf]:mode=node;script=latn;langua
ge=dflt;+tlig;+pnum;+lnum;"
(fontspec)             - 'bold small caps'  (b/sc) with NFSS spec.:
(fontspec)             <->s*[1]"[Alegreya-Bold.otf]:mode=node;script=latn;langua
ge=dflt;+tlig;+pnum;+lnum;+smcp;"
(fontspec)             - 'italic' (m/it) with NFSS spec.:
(fontspec)             <->s*[1]"[Alegreya-Italic.otf]:mode=node;script=latn;lang
uage=dflt;+tlig;+pnum;+lnum;"
(fontspec)             - 'italic small caps'  (m/scit) with NFSS spec.:
(fontspec)             <->s*[1]"[Alegreya-Italic.otf]:mode=node;script=latn;lang
uage=dflt;+tlig;+pnum;+lnum;+smcp;"
(fontspec)             - 'bold italic' (b/it) with NFSS spec.:
(fontspec)             <->s*[1]"[Alegreya-BoldItalic.otf]:mode=node;script=latn;
language=dflt;+tlig;+pnum;+lnum;"
(fontspec)             - 'bold italic small caps'  (b/scit) with NFSS spec.:
(fontspec)             <->s*[1]"[Alegreya-BoldItalic.otf]:mode=node;script=latn;
language=dflt;+tlig;+pnum;+lnum;+smcp;"


Package fontspec Info: Font family 'Alegreya(2)' created for font 'Alegreya'
(fontspec)             with options [Ligatures = TeX,Extension = .otf,Scale =
(fontspec)             1,Numbers = {Proportional,OldStyle},UprightFont =
(fontspec)             *-Regular,ItalicFont = *-Italic,BoldFont =
(fontspec)             *-Bold,BoldItalicFont = *-BoldItalic].
(fontspec)              
(fontspec)              This font family consists of the following NFSS
(fontspec)             series/shapes:
(fontspec)              
(fontspec)             - 'normal' (m/n) with NFSS spec.:
(fontspec)             <->s*[1]"[Alegreya-Regular.otf]:mode=node;script=latn;lan
guage=dflt;+tlig;+pnum;+onum;"
(fontspec)             - 'small caps'  (m/sc) with NFSS spec.:
(fontspec)             <->s*[1]"[Alegreya-Regular.otf]:mode=node;script=latn;lan
guage=dflt;+tlig;+pnum;+onum;+smcp;"
(fontspec)             - 'bold' (b/n) with NFSS spec.:
(fontspec)             <->s*[1]"[Alegreya-Bold.otf]:mode=node;script=latn;langua
ge=dflt;+tlig;+pnum;+onum;"
(fontspec)             - 'bold small caps'  (b/sc) with NFSS spec.:
(fontspec)             <->s*[1]"[Alegreya-Bold.otf]:mode=node;script=latn;langua
ge=dflt;+tlig;+pnum;+onum;+smcp;"
(fontspec)             - 'italic' (m/it) with NFSS spec.:
(fontspec)             <->s*[1]"[Alegreya-Italic.otf]:mode=node;script=latn;lang
uage=dflt;+tlig;+pnum;+onum;"
(fontspec)             - 'italic small caps'  (m/scit) with NFSS spec.:
(fontspec)             <->s*[1]"[Alegreya-Italic.otf]:mode=node;script=latn;lang
uage=dflt;+tlig;+pnum;+onum;+smcp;"
(fontspec)             - 'bold italic' (b/it) with NFSS spec.:
(fontspec)             <->s*[1]"[Alegreya-BoldItalic.otf]:mode=node;script=latn;
language=dflt;+tlig;+pnum;+onum;"
(fontspec)             - 'bold italic small caps'  (b/scit) with NFSS spec.:
(fontspec)             <->s*[1]"[Alegreya-BoldItalic.otf]:mode=node;script=latn;
language=dflt;+tlig;+pnum;+onum;+smcp;"


Package fontspec Info: Font family 'Alegreya(3)' created for font 'Alegreya'
(fontspec)             with options [Ligatures = TeX,Extension = .otf,Scale =
(fontspec)             1,Numbers = {Monospaced,OldStyle},UprightFont =
(fontspec)             *-Regular,ItalicFont = *-Italic,BoldFont =
(fontspec)             *-Bold,BoldItalicFont = *-BoldItalic].
(fontspec)              
(fontspec)              This font family consists of the following NFSS
(fontspec)             series/shapes:
(fontspec)              
(fontspec)             - 'normal' (m/n) with NFSS spec.:
(fontspec)             <->s*[1]"[Alegreya-Regular.otf]:mode=node;script=latn;lan
guage=dflt;+tlig;+tnum;+onum;"
(fontspec)             - 'small caps'  (m/sc) with NFSS spec.:
(fontspec)             <->s*[1]"[Alegreya-Regular.otf]:mode=node;script=latn;lan
guage=dflt;+tlig;+tnum;+onum;+smcp;"
(fontspec)             - 'bold' (b/n) with NFSS spec.:
(fontspec)             <->s*[1]"[Alegreya-Bold.otf]:mode=node;script=latn;langua
ge=dflt;+tlig;+tnum;+onum;"
(fontspec)             - 'bold small caps'  (b/sc) with NFSS spec.:
(fontspec)             <->s*[1]"[Alegreya-Bold.otf]:mode=node;script=latn;langua
ge=dflt;+tlig;+tnum;+onum;+smcp;"
(fontspec)             - 'italic' (m/it) with NFSS spec.:
(fontspec)             <->s*[1]"[Alegreya-Italic.otf]:mode=node;script=latn;lang
uage=dflt;+tlig;+tnum;+onum;"
(fontspec)             - 'italic small caps'  (m/scit) with NFSS spec.:
(fontspec)             <->s*[1]"[Alegreya-Italic.otf]:mode=node;script=latn;lang
uage=dflt;+tlig;+tnum;+onum;+smcp;"
(fontspec)             - 'bold italic' (b/it) with NFSS spec.:
(fontspec)             <->s*[1]"[Alegreya-BoldItalic.otf]:mode=node;script=latn;
language=dflt;+tlig;+tnum;+onum;"
(fontspec)             - 'bold italic small caps'  (b/scit) with NFSS spec.:
(fontspec)             <->s*[1]"[Alegreya-BoldItalic.otf]:mode=node;script=latn;
language=dflt;+tlig;+tnum;+onum;+smcp;"


Package fontspec Info: Font family 'Alegreya(4)' created for font 'Alegreya'
(fontspec)             with options [Ligatures = TeX,Extension = .otf,Scale =
(fontspec)             1,Numbers = {Proportional, OldStyle},UprightFont =
(fontspec)             *-Regular,ItalicFont = *-Italic,BoldFont =
(fontspec)             *-Bold,BoldItalicFont = *-BoldItalic].
(fontspec)              
(fontspec)              This font family consists of the following NFSS
(fontspec)             series/shapes:
(fontspec)              
(fontspec)             - 'normal' (m/n) with NFSS spec.:
(fontspec)             <->s*[1]"[Alegreya-Regular.otf]:mode=node;script=latn;lan
guage=dflt;+tlig;+pnum;+onum;"
(fontspec)             - 'small caps'  (m/sc) with NFSS spec.:
(fontspec)             <->s*[1]"[Alegreya-Regular.otf]:mode=node;script=latn;lan
guage=dflt;+tlig;+pnum;+onum;+smcp;"
(fontspec)             - 'bold' (b/n) with NFSS spec.:
(fontspec)             <->s*[1]"[Alegreya-Bold.otf]:mode=node;script=latn;langua
ge=dflt;+tlig;+pnum;+onum;"
(fontspec)             - 'bold small caps'  (b/sc) with NFSS spec.:
(fontspec)             <->s*[1]"[Alegreya-Bold.otf]:mode=node;script=latn;langua
ge=dflt;+tlig;+pnum;+onum;+smcp;"
(fontspec)             - 'italic' (m/it) with NFSS spec.:
(fontspec)             <->s*[1]"[Alegreya-Italic.otf]:mode=node;script=latn;lang
uage=dflt;+tlig;+pnum;+onum;"
(fontspec)             - 'italic small caps'  (m/scit) with NFSS spec.:
(fontspec)             <->s*[1]"[Alegreya-Italic.otf]:mode=node;script=latn;lang
uage=dflt;+tlig;+pnum;+onum;+smcp;"
(fontspec)             - 'bold italic' (b/it) with NFSS spec.:
(fontspec)             <->s*[1]"[Alegreya-BoldItalic.otf]:mode=node;script=latn;
language=dflt;+tlig;+pnum;+onum;"
(fontspec)             - 'bold italic small caps'  (b/scit) with NFSS spec.:
(fontspec)             <->s*[1]"[Alegreya-BoldItalic.otf]:mode=node;script=latn;
language=dflt;+tlig;+pnum;+onum;+smcp;"


Package fontspec Info: Font family 'Alegreya(5)' created for font 'Alegreya'
(fontspec)             with options [Ligatures = TeX,Extension = .otf,Scale =
(fontspec)             1,Numbers = {Monospaced,Lining},UprightFont =
(fontspec)             *-Regular,ItalicFont = *-Italic,BoldFont =
(fontspec)             *-Bold,BoldItalicFont = *-BoldItalic].
(fontspec)              
(fontspec)              This font family consists of the following NFSS
(fontspec)             series/shapes:
(fontspec)              
(fontspec)             - 'normal' (m/n) with NFSS spec.:
(fontspec)             <->s*[1]"[Alegreya-Regular.otf]:mode=node;script=latn;lan
guage=dflt;+tlig;+tnum;+lnum;"
(fontspec)             - 'small caps'  (m/sc) with NFSS spec.:
(fontspec)             <->s*[1]"[Alegreya-Regular.otf]:mode=node;script=latn;lan
guage=dflt;+tlig;+tnum;+lnum;+smcp;"
(fontspec)             - 'bold' (b/n) with NFSS spec.:
(fontspec)             <->s*[1]"[Alegreya-Bold.otf]:mode=node;script=latn;langua
ge=dflt;+tlig;+tnum;+lnum;"
(fontspec)             - 'bold small caps'  (b/sc) with NFSS spec.:
(fontspec)             <->s*[1]"[Alegreya-Bold.otf]:mode=node;script=latn;langua
ge=dflt;+tlig;+tnum;+lnum;+smcp;"
(fontspec)             - 'italic' (m/it) with NFSS spec.:
(fontspec)             <->s*[1]"[Alegreya-Italic.otf]:mode=node;script=latn;lang
uage=dflt;+tlig;+tnum;+lnum;"
(fontspec)             - 'italic small caps'  (m/scit) with NFSS spec.:
(fontspec)             <->s*[1]"[Alegreya-Italic.otf]:mode=node;script=latn;lang
uage=dflt;+tlig;+tnum;+lnum;+smcp;"
(fontspec)             - 'bold italic' (b/it) with NFSS spec.:
(fontspec)             <->s*[1]"[Alegreya-BoldItalic.otf]:mode=node;script=latn;
language=dflt;+tlig;+tnum;+lnum;"
(fontspec)             - 'bold italic small caps'  (b/scit) with NFSS spec.:
(fontspec)             <->s*[1]"[Alegreya-BoldItalic.otf]:mode=node;script=latn;
language=dflt;+tlig;+tnum;+lnum;+smcp;"


Package fontspec Info: Font family 'Alegreya(6)' created for font 'Alegreya'
(fontspec)             with options [Ligatures = TeX,Extension = .otf,Scale =
(fontspec)             1,Numbers = {Proportional,Lining},UprightFont =
(fontspec)             *-ExtraBold,ItalicFont = *-ExtraBoldItalic,BoldFont =
(fontspec)             *-ExtraBold,BoldItalicFont = *-ExtraBoldItalic].
(fontspec)              
(fontspec)              This font family consists of the following NFSS
(fontspec)             series/shapes:
(fontspec)              
(fontspec)             - 'normal' (m/n) with NFSS spec.:
(fontspec)             <->s*[1]"[Alegreya-ExtraBold.otf]:mode=node;script=latn;l
anguage=dflt;+tlig;+pnum;+lnum;"
(fontspec)             - 'small caps'  (m/sc) with NFSS spec.:
(fontspec)             <->s*[1]"[Alegreya-ExtraBold.otf]:mode=node;script=latn;l
anguage=dflt;+tlig;+pnum;+lnum;+smcp;"
(fontspec)             - 'bold' (b/n) with NFSS spec.:
(fontspec)             <->s*[1]"[Alegreya-ExtraBold.otf]:mode=node;script=latn;l
anguage=dflt;+tlig;+pnum;+lnum;"
(fontspec)             - 'bold small caps'  (b/sc) with NFSS spec.:
(fontspec)             <->s*[1]"[Alegreya-ExtraBold.otf]:mode=node;script=latn;l
anguage=dflt;+tlig;+pnum;+lnum;+smcp;"
(fontspec)             - 'italic' (m/it) with NFSS spec.:
(fontspec)             <->s*[1]"[Alegreya-ExtraBoldItalic.otf]:mode=node;script=
latn;language=dflt;+tlig;+pnum;+lnum;"
(fontspec)             - 'italic small caps'  (m/scit) with NFSS spec.:
(fontspec)             <->s*[1]"[Alegreya-ExtraBoldItalic.otf]:mode=node;script=
latn;language=dflt;+tlig;+pnum;+lnum;+smcp;"
(fontspec)             - 'bold italic' (b/it) with NFSS spec.:
(fontspec)             <->s*[1]"[Alegreya-ExtraBoldItalic.otf]:mode=node;script=
latn;language=dflt;+tlig;+pnum;+lnum;"
(fontspec)             - 'bold italic small caps'  (b/scit) with NFSS spec.:
(fontspec)             <->s*[1]"[Alegreya-ExtraBoldItalic.otf]:mode=node;script=
latn;language=dflt;+tlig;+pnum;+lnum;+smcp;"


Package fontspec Info: Font family 'Alegreya(7)' created for font 'Alegreya'
(fontspec)             with options [Ligatures = TeX,Extension = .otf,Scale =
(fontspec)             1,Numbers = {Proportional,Lining},UprightFont =
(fontspec)             *-Black,ItalicFont = *-BlackItalic,BoldFont =
(fontspec)             *-Black,BoldItalicFont = *-BlackItalic].
(fontspec)              
(fontspec)              This font family consists of the following NFSS
(fontspec)             series/shapes:
(fontspec)              
(fontspec)             - 'normal' (m/n) with NFSS spec.:
(fontspec)             <->s*[1]"[Alegreya-Black.otf]:mode=node;script=latn;langu
age=dflt;+tlig;+pnum;+lnum;"
(fontspec)             - 'small caps'  (m/sc) with NFSS spec.:
(fontspec)             <->s*[1]"[Alegreya-Black.otf]:mode=node;script=latn;langu
age=dflt;+tlig;+pnum;+lnum;+smcp;"
(fontspec)             - 'bold' (b/n) with NFSS spec.:
(fontspec)             <->s*[1]"[Alegreya-Black.otf]:mode=node;script=latn;langu
age=dflt;+tlig;+pnum;+lnum;"
(fontspec)             - 'bold small caps'  (b/sc) with NFSS spec.:
(fontspec)             <->s*[1]"[Alegreya-Black.otf]:mode=node;script=latn;langu
age=dflt;+tlig;+pnum;+lnum;+smcp;"
(fontspec)             - 'italic' (m/it) with NFSS spec.:
(fontspec)             <->s*[1]"[Alegreya-BlackItalic.otf]:mode=node;script=latn
;language=dflt;+tlig;+pnum;+lnum;"
(fontspec)             - 'italic small caps'  (m/scit) with NFSS spec.:
(fontspec)             <->s*[1]"[Alegreya-BlackItalic.otf]:mode=node;script=latn
;language=dflt;+tlig;+pnum;+lnum;+smcp;"
(fontspec)             - 'bold italic' (b/it) with NFSS spec.:
(fontspec)             <->s*[1]"[Alegreya-BlackItalic.otf]:mode=node;script=latn
;language=dflt;+tlig;+pnum;+lnum;"
(fontspec)             - 'bold italic small caps'  (b/scit) with NFSS spec.:
(fontspec)             <->s*[1]"[Alegreya-BlackItalic.otf]:mode=node;script=latn
;language=dflt;+tlig;+pnum;+lnum;+smcp;"


Package fontspec Info: Font family 'Alegreya(8)' created for font 'Alegreya'
(fontspec)             with options [Ligatures = TeX,Extension = .otf,Scale =
(fontspec)             1,Numbers = {Proportional,Lining},UprightFont =
(fontspec)             *-Medium,ItalicFont = *-MediumItalic,BoldFont =
(fontspec)             *-Medium,BoldItalicFont = *-MediumItalic].
(fontspec)              
(fontspec)              This font family consists of the following NFSS
(fontspec)             series/shapes:
(fontspec)              
(fontspec)             - 'normal' (m/n) with NFSS spec.:
(fontspec)             <->s*[1]"[Alegreya-Medium.otf]:mode=node;script=latn;lang
uage=dflt;+tlig;+pnum;+lnum;"
(fontspec)             - 'small caps'  (m/sc) with NFSS spec.:
(fontspec)             <->s*[1]"[Alegreya-Medium.otf]:mode=node;script=latn;lang
uage=dflt;+tlig;+pnum;+lnum;+smcp;"
(fontspec)             - 'bold' (b/n) with NFSS spec.:
(fontspec)             <->s*[1]"[Alegreya-Medium.otf]:mode=node;script=latn;lang
uage=dflt;+tlig;+pnum;+lnum;"
(fontspec)             - 'bold small caps'  (b/sc) with NFSS spec.:
(fontspec)             <->s*[1]"[Alegreya-Medium.otf]:mode=node;script=latn;lang
uage=dflt;+tlig;+pnum;+lnum;+smcp;"
(fontspec)             - 'italic' (m/it) with NFSS spec.:
(fontspec)             <->s*[1]"[Alegreya-MediumItalic.otf]:mode=node;script=lat
n;language=dflt;+tlig;+pnum;+lnum;"
(fontspec)             - 'italic small caps'  (m/scit) with NFSS spec.:
(fontspec)             <->s*[1]"[Alegreya-MediumItalic.otf]:mode=node;script=lat
n;language=dflt;+tlig;+pnum;+lnum;+smcp;"
(fontspec)             - 'bold italic' (b/it) with NFSS spec.:
(fontspec)             <->s*[1]"[Alegreya-MediumItalic.otf]:mode=node;script=lat
n;language=dflt;+tlig;+pnum;+lnum;"
(fontspec)             - 'bold italic small caps'  (b/scit) with NFSS spec.:
(fontspec)             <->s*[1]"[Alegreya-MediumItalic.otf]:mode=node;script=lat
n;language=dflt;+tlig;+pnum;+lnum;+smcp;"

)
(/nix/store/lh3wk9jx68lxjw9hm3zmmj3ppn80j96q-texlive-combined-2019/share/texmf/
tex/latex/pgf/frontendlayer/tikz.sty
(/nix/store/lh3wk9jx68lxjw9hm3zmmj3ppn80j96q-texlive-combined-2019/share/texmf/
tex/latex/pgf/basiclayer/pgf.sty
(/nix/store/lh3wk9jx68lxjw9hm3zmmj3ppn80j96q-texlive-combined-2019/share/texmf/
tex/latex/pgf/utilities/pgfrcs.sty
(/nix/store/lh3wk9jx68lxjw9hm3zmmj3ppn80j96q-texlive-combined-2019/share/texmf/
tex/generic/pgf/utilities/pgfutil-common.tex
\pgfutil@everybye=\toks19
\pgfutil@tempdima=\dimen148
\pgfutil@tempdimb=\dimen149

(/nix/store/lh3wk9jx68lxjw9hm3zmmj3ppn80j96q-texlive-combined-2019/share/texmf/
tex/generic/pgf/utilities/pgfutil-common-lists.tex))
(/nix/store/lh3wk9jx68lxjw9hm3zmmj3ppn80j96q-texlive-combined-2019/share/texmf/
tex/generic/pgf/utilities/pgfutil-latex.def
\pgfutil@abb=\box46

(/nix/store/lh3wk9jx68lxjw9hm3zmmj3ppn80j96q-texlive-combined-2019/share/texmf/
tex/latex/ms/everyshi.sty
Package: everyshi 2001/05/15 v3.00 EveryShipout Package (MS)
))
(/nix/store/lh3wk9jx68lxjw9hm3zmmj3ppn80j96q-texlive-combined-2019/share/texmf/
tex/generic/pgf/utilities/pgfrcs.code.tex
(/nix/store/lh3wk9jx68lxjw9hm3zmmj3ppn80j96q-texlive-combined-2019/share/texmf/
tex/generic/pgf/pgf.revision.tex)
Package: pgfrcs 2020/01/08 v3.1.5b (3.1.5b)
))
Package: pgf 2020/01/08 v3.1.5b (3.1.5b)

(/nix/store/lh3wk9jx68lxjw9hm3zmmj3ppn80j96q-texlive-combined-2019/share/texmf/
tex/latex/pgf/basiclayer/pgfcore.sty
(/nix/store/lh3wk9jx68lxjw9hm3zmmj3ppn80j96q-texlive-combined-2019/share/texmf/
tex/latex/pgf/systemlayer/pgfsys.sty
(/nix/store/lh3wk9jx68lxjw9hm3zmmj3ppn80j96q-texlive-combined-2019/share/texmf/
tex/generic/pgf/systemlayer/pgfsys.code.tex
Package: pgfsys 2020/01/08 v3.1.5b (3.1.5b)

(/nix/store/lh3wk9jx68lxjw9hm3zmmj3ppn80j96q-texlive-combined-2019/share/texmf/
tex/generic/pgf/utilities/pgfkeys.code.tex
\pgfkeys@pathtoks=\toks20
\pgfkeys@temptoks=\toks21

(/nix/store/lh3wk9jx68lxjw9hm3zmmj3ppn80j96q-texlive-combined-2019/share/texmf/
tex/generic/pgf/utilities/pgfkeysfiltered.code.tex
\pgfkeys@tmptoks=\toks22
))
\pgf@x=\dimen150
\pgf@y=\dimen151
\pgf@xa=\dimen152
\pgf@ya=\dimen153
\pgf@xb=\dimen154
\pgf@yb=\dimen155
\pgf@xc=\dimen156
\pgf@yc=\dimen157
\pgf@xd=\dimen158
\pgf@yd=\dimen159
\w@pgf@writea=\write3
\r@pgf@reada=\read2
\c@pgf@counta=\count191
\c@pgf@countb=\count192
\c@pgf@countc=\count193
\c@pgf@countd=\count194
\t@pgf@toka=\toks23
\t@pgf@tokb=\toks24
\t@pgf@tokc=\toks25
\pgf@sys@id@count=\count195

(/nix/store/lh3wk9jx68lxjw9hm3zmmj3ppn80j96q-texlive-combined-2019/share/texmf/
tex/generic/pgf/systemlayer/pgf.cfg
File: pgf.cfg 2020/01/08 v3.1.5b (3.1.5b)
)
Driver file for pgf: pgfsys-luatex.def

(/nix/store/lh3wk9jx68lxjw9hm3zmmj3ppn80j96q-texlive-combined-2019/share/texmf/
tex/generic/pgf/systemlayer/pgfsys-luatex.def
File: pgfsys-luatex.def 2020/01/08 v3.1.5b (3.1.5b)

(/nix/store/lh3wk9jx68lxjw9hm3zmmj3ppn80j96q-texlive-combined-2019/share/texmf/
tex/generic/pgf/systemlayer/pgfsys-common-pdf.def
File: pgfsys-common-pdf.def 2020/01/08 v3.1.5b (3.1.5b)
)))
(/nix/store/lh3wk9jx68lxjw9hm3zmmj3ppn80j96q-texlive-combined-2019/share/texmf/
tex/generic/pgf/systemlayer/pgfsyssoftpath.code.tex
File: pgfsyssoftpath.code.tex 2020/01/08 v3.1.5b (3.1.5b)
\pgfsyssoftpath@smallbuffer@items=\count196
\pgfsyssoftpath@bigbuffer@items=\count197
)
(/nix/store/lh3wk9jx68lxjw9hm3zmmj3ppn80j96q-texlive-combined-2019/share/texmf/
tex/generic/pgf/systemlayer/pgfsysprotocol.code.tex
File: pgfsysprotocol.code.tex 2020/01/08 v3.1.5b (3.1.5b)
))
(/nix/store/lh3wk9jx68lxjw9hm3zmmj3ppn80j96q-texlive-combined-2019/share/texmf/
tex/latex/xcolor/xcolor.sty
Package: xcolor 2016/05/11 v2.12 LaTeX color extensions (UK)

(/nix/store/lh3wk9jx68lxjw9hm3zmmj3ppn80j96q-texlive-combined-2019/share/texmf/
tex/latex/graphics-cfg/color.cfg
File: color.cfg 2016/01/02 v1.6 sample color configuration
)
Package xcolor Info: Driver file: luatex.def on input line 225.
Package xcolor Info: Model `cmy' substituted by `cmy0' on input line 1348.
Package xcolor Info: Model `hsb' substituted by `rgb' on input line 1352.
Package xcolor Info: Model `RGB' extended on input line 1364.
Package xcolor Info: Model `HTML' substituted by `rgb' on input line 1366.
Package xcolor Info: Model `Hsb' substituted by `hsb' on input line 1367.
Package xcolor Info: Model `tHsb' substituted by `hsb' on input line 1368.
Package xcolor Info: Model `HSB' substituted by `hsb' on input line 1369.
Package xcolor Info: Model `Gray' substituted by `gray' on input line 1370.
Package xcolor Info: Model `wave' substituted by `hsb' on input line 1371.
)
(/nix/store/lh3wk9jx68lxjw9hm3zmmj3ppn80j96q-texlive-combined-2019/share/texmf/
tex/generic/pgf/basiclayer/pgfcore.code.tex
Package: pgfcore 2020/01/08 v3.1.5b (3.1.5b)

(/nix/store/lh3wk9jx68lxjw9hm3zmmj3ppn80j96q-texlive-combined-2019/share/texmf/
tex/generic/pgf/math/pgfmath.code.tex
(/nix/store/lh3wk9jx68lxjw9hm3zmmj3ppn80j96q-texlive-combined-2019/share/texmf/
tex/generic/pgf/math/pgfmathcalc.code.tex
(/nix/store/lh3wk9jx68lxjw9hm3zmmj3ppn80j96q-texlive-combined-2019/share/texmf/
tex/generic/pgf/math/pgfmathutil.code.tex)
(/nix/store/lh3wk9jx68lxjw9hm3zmmj3ppn80j96q-texlive-combined-2019/share/texmf/
tex/generic/pgf/math/pgfmathparser.code.tex
\pgfmath@dimen=\dimen160
\pgfmath@count=\count198
\pgfmath@box=\box47
\pgfmath@toks=\toks26
\pgfmath@stack@operand=\toks27
\pgfmath@stack@operation=\toks28
)
(/nix/store/lh3wk9jx68lxjw9hm3zmmj3ppn80j96q-texlive-combined-2019/share/texmf/
tex/generic/pgf/math/pgfmathfunctions.code.tex
(/nix/store/lh3wk9jx68lxjw9hm3zmmj3ppn80j96q-texlive-combined-2019/share/texmf/
tex/generic/pgf/math/pgfmathfunctions.basic.code.tex)
(/nix/store/lh3wk9jx68lxjw9hm3zmmj3ppn80j96q-texlive-combined-2019/share/texmf/
tex/generic/pgf/math/pgfmathfunctions.trigonometric.code.tex)
(/nix/store/lh3wk9jx68lxjw9hm3zmmj3ppn80j96q-texlive-combined-2019/share/texmf/
tex/generic/pgf/math/pgfmathfunctions.random.code.tex)
(/nix/store/lh3wk9jx68lxjw9hm3zmmj3ppn80j96q-texlive-combined-2019/share/texmf/
tex/generic/pgf/math/pgfmathfunctions.comparison.code.tex)
(/nix/store/lh3wk9jx68lxjw9hm3zmmj3ppn80j96q-texlive-combined-2019/share/texmf/
tex/generic/pgf/math/pgfmathfunctions.base.code.tex)
(/nix/store/lh3wk9jx68lxjw9hm3zmmj3ppn80j96q-texlive-combined-2019/share/texmf/
tex/generic/pgf/math/pgfmathfunctions.round.code.tex)
(/nix/store/lh3wk9jx68lxjw9hm3zmmj3ppn80j96q-texlive-combined-2019/share/texmf/
tex/generic/pgf/math/pgfmathfunctions.misc.code.tex)
(/nix/store/lh3wk9jx68lxjw9hm3zmmj3ppn80j96q-texlive-combined-2019/share/texmf/
tex/generic/pgf/math/pgfmathfunctions.integerarithmetics.code.tex)))
(/nix/store/lh3wk9jx68lxjw9hm3zmmj3ppn80j96q-texlive-combined-2019/share/texmf/
tex/generic/pgf/math/pgfmathfloat.code.tex
\c@pgfmathroundto@lastzeros=\count199
))
(/nix/store/lh3wk9jx68lxjw9hm3zmmj3ppn80j96q-texlive-combined-2019/share/texmf/
tex/generic/pgf/math/pgfint.code.tex)
(/nix/store/lh3wk9jx68lxjw9hm3zmmj3ppn80j96q-texlive-combined-2019/share/texmf/
tex/generic/pgf/basiclayer/pgfcorepoints.code.tex
File: pgfcorepoints.code.tex 2020/01/08 v3.1.5b (3.1.5b)
\pgf@picminx=\dimen161
\pgf@picmaxx=\dimen162
\pgf@picminy=\dimen163
\pgf@picmaxy=\dimen164
\pgf@pathminx=\dimen165
\pgf@pathmaxx=\dimen166
\pgf@pathminy=\dimen167
\pgf@pathmaxy=\dimen168
\pgf@xx=\dimen169
\pgf@xy=\dimen170
\pgf@yx=\dimen171
\pgf@yy=\dimen172
\pgf@zx=\dimen173
\pgf@zy=\dimen174
)
(/nix/store/lh3wk9jx68lxjw9hm3zmmj3ppn80j96q-texlive-combined-2019/share/texmf/
tex/generic/pgf/basiclayer/pgfcorepathconstruct.code.tex
File: pgfcorepathconstruct.code.tex 2020/01/08 v3.1.5b (3.1.5b)
\pgf@path@lastx=\dimen175
\pgf@path@lasty=\dimen176
)
(/nix/store/lh3wk9jx68lxjw9hm3zmmj3ppn80j96q-texlive-combined-2019/share/texmf/
tex/generic/pgf/basiclayer/pgfcorepathusage.code.tex
File: pgfcorepathusage.code.tex 2020/01/08 v3.1.5b (3.1.5b)
\pgf@shorten@end@additional=\dimen177
\pgf@shorten@start@additional=\dimen178
)
(/nix/store/lh3wk9jx68lxjw9hm3zmmj3ppn80j96q-texlive-combined-2019/share/texmf/
tex/generic/pgf/basiclayer/pgfcorescopes.code.tex
File: pgfcorescopes.code.tex 2020/01/08 v3.1.5b (3.1.5b)
\pgfpic=\box48
\pgf@hbox=\box49
\pgf@layerbox@main=\box50
\pgf@picture@serial@count=\count266
)
(/nix/store/lh3wk9jx68lxjw9hm3zmmj3ppn80j96q-texlive-combined-2019/share/texmf/
tex/generic/pgf/basiclayer/pgfcoregraphicstate.code.tex
File: pgfcoregraphicstate.code.tex 2020/01/08 v3.1.5b (3.1.5b)
\pgflinewidth=\dimen179
)
(/nix/store/lh3wk9jx68lxjw9hm3zmmj3ppn80j96q-texlive-combined-2019/share/texmf/
tex/generic/pgf/basiclayer/pgfcoretransformations.code.tex
File: pgfcoretransformations.code.tex 2020/01/08 v3.1.5b (3.1.5b)
\pgf@pt@x=\dimen180
\pgf@pt@y=\dimen181
\pgf@pt@temp=\dimen182
)
(/nix/store/lh3wk9jx68lxjw9hm3zmmj3ppn80j96q-texlive-combined-2019/share/texmf/
tex/generic/pgf/basiclayer/pgfcorequick.code.tex
File: pgfcorequick.code.tex 2020/01/08 v3.1.5b (3.1.5b)
)
(/nix/store/lh3wk9jx68lxjw9hm3zmmj3ppn80j96q-texlive-combined-2019/share/texmf/
tex/generic/pgf/basiclayer/pgfcoreobjects.code.tex
File: pgfcoreobjects.code.tex 2020/01/08 v3.1.5b (3.1.5b)
)
(/nix/store/lh3wk9jx68lxjw9hm3zmmj3ppn80j96q-texlive-combined-2019/share/texmf/
tex/generic/pgf/basiclayer/pgfcorepathprocessing.code.tex
File: pgfcorepathprocessing.code.tex 2020/01/08 v3.1.5b (3.1.5b)
)
(/nix/store/lh3wk9jx68lxjw9hm3zmmj3ppn80j96q-texlive-combined-2019/share/texmf/
tex/generic/pgf/basiclayer/pgfcorearrows.code.tex
File: pgfcorearrows.code.tex 2020/01/08 v3.1.5b (3.1.5b)
\pgfarrowsep=\dimen183
)
(/nix/store/lh3wk9jx68lxjw9hm3zmmj3ppn80j96q-texlive-combined-2019/share/texmf/
tex/generic/pgf/basiclayer/pgfcoreshade.code.tex
File: pgfcoreshade.code.tex 2020/01/08 v3.1.5b (3.1.5b)
\pgf@max=\dimen184
\pgf@sys@shading@range@num=\count267
\pgf@shadingcount=\count268
)
(/nix/store/lh3wk9jx68lxjw9hm3zmmj3ppn80j96q-texlive-combined-2019/share/texmf/
tex/generic/pgf/basiclayer/pgfcoreimage.code.tex
File: pgfcoreimage.code.tex 2020/01/08 v3.1.5b (3.1.5b)

(/nix/store/lh3wk9jx68lxjw9hm3zmmj3ppn80j96q-texlive-combined-2019/share/texmf/
tex/generic/pgf/basiclayer/pgfcoreexternal.code.tex
File: pgfcoreexternal.code.tex 2020/01/08 v3.1.5b (3.1.5b)
\pgfexternal@startupbox=\box51
))
(/nix/store/lh3wk9jx68lxjw9hm3zmmj3ppn80j96q-texlive-combined-2019/share/texmf/
tex/generic/pgf/basiclayer/pgfcorelayers.code.tex
File: pgfcorelayers.code.tex 2020/01/08 v3.1.5b (3.1.5b)
)
(/nix/store/lh3wk9jx68lxjw9hm3zmmj3ppn80j96q-texlive-combined-2019/share/texmf/
tex/generic/pgf/basiclayer/pgfcoretransparency.code.tex
File: pgfcoretransparency.code.tex 2020/01/08 v3.1.5b (3.1.5b)
)
(/nix/store/lh3wk9jx68lxjw9hm3zmmj3ppn80j96q-texlive-combined-2019/share/texmf/
tex/generic/pgf/basiclayer/pgfcorepatterns.code.tex
File: pgfcorepatterns.code.tex 2020/01/08 v3.1.5b (3.1.5b)
)
(/nix/store/lh3wk9jx68lxjw9hm3zmmj3ppn80j96q-texlive-combined-2019/share/texmf/
tex/generic/pgf/basiclayer/pgfcorerdf.code.tex
File: pgfcorerdf.code.tex 2020/01/08 v3.1.5b (3.1.5b)
)))
(/nix/store/lh3wk9jx68lxjw9hm3zmmj3ppn80j96q-texlive-combined-2019/share/texmf/
tex/generic/pgf/modules/pgfmoduleshapes.code.tex
File: pgfmoduleshapes.code.tex 2020/01/08 v3.1.5b (3.1.5b)
\pgfnodeparttextbox=\box52
)
(/nix/store/lh3wk9jx68lxjw9hm3zmmj3ppn80j96q-texlive-combined-2019/share/texmf/
tex/generic/pgf/modules/pgfmoduleplot.code.tex
File: pgfmoduleplot.code.tex 2020/01/08 v3.1.5b (3.1.5b)
)
(/nix/store/lh3wk9jx68lxjw9hm3zmmj3ppn80j96q-texlive-combined-2019/share/texmf/
tex/latex/pgf/compatibility/pgfcomp-version-0-65.sty
Package: pgfcomp-version-0-65 2020/01/08 v3.1.5b (3.1.5b)
\pgf@nodesepstart=\dimen185
\pgf@nodesepend=\dimen186
)
(/nix/store/lh3wk9jx68lxjw9hm3zmmj3ppn80j96q-texlive-combined-2019/share/texmf/
tex/latex/pgf/compatibility/pgfcomp-version-1-18.sty
Package: pgfcomp-version-1-18 2020/01/08 v3.1.5b (3.1.5b)
))
(/nix/store/lh3wk9jx68lxjw9hm3zmmj3ppn80j96q-texlive-combined-2019/share/texmf/
tex/latex/pgf/utilities/pgffor.sty
(/nix/store/lh3wk9jx68lxjw9hm3zmmj3ppn80j96q-texlive-combined-2019/share/texmf/
tex/latex/pgf/utilities/pgfkeys.sty
(/nix/store/lh3wk9jx68lxjw9hm3zmmj3ppn80j96q-texlive-combined-2019/share/texmf/
tex/generic/pgf/utilities/pgfkeys.code.tex))
(/nix/store/lh3wk9jx68lxjw9hm3zmmj3ppn80j96q-texlive-combined-2019/share/texmf/
tex/latex/pgf/math/pgfmath.sty
(/nix/store/lh3wk9jx68lxjw9hm3zmmj3ppn80j96q-texlive-combined-2019/share/texmf/
tex/generic/pgf/math/pgfmath.code.tex))
(/nix/store/lh3wk9jx68lxjw9hm3zmmj3ppn80j96q-texlive-combined-2019/share/texmf/
tex/generic/pgf/utilities/pgffor.code.tex
Package: pgffor 2020/01/08 v3.1.5b (3.1.5b)

(/nix/store/lh3wk9jx68lxjw9hm3zmmj3ppn80j96q-texlive-combined-2019/share/texmf/
tex/generic/pgf/math/pgfmath.code.tex)
\pgffor@iter=\dimen187
\pgffor@skip=\dimen188
\pgffor@stack=\toks29
\pgffor@toks=\toks30
))
(/nix/store/lh3wk9jx68lxjw9hm3zmmj3ppn80j96q-texlive-combined-2019/share/texmf/
tex/generic/pgf/frontendlayer/tikz/tikz.code.tex
Package: tikz 2020/01/08 v3.1.5b (3.1.5b)

(/nix/store/lh3wk9jx68lxjw9hm3zmmj3ppn80j96q-texlive-combined-2019/share/texmf/
tex/generic/pgf/libraries/pgflibraryplothandlers.code.tex
File: pgflibraryplothandlers.code.tex 2020/01/08 v3.1.5b (3.1.5b)
\pgf@plot@mark@count=\count269
\pgfplotmarksize=\dimen189
)
\tikz@lastx=\dimen190
\tikz@lasty=\dimen191
\tikz@lastxsaved=\dimen192
\tikz@lastysaved=\dimen193
\tikz@lastmovetox=\dimen194
\tikz@lastmovetoy=\dimen195
\tikzleveldistance=\dimen196
\tikzsiblingdistance=\dimen197
\tikz@figbox=\box53
\tikz@figbox@bg=\box54
\tikz@tempbox=\box55
\tikz@tempbox@bg=\box56
\tikztreelevel=\count270
\tikznumberofchildren=\count271
\tikznumberofcurrentchild=\count272
\tikz@fig@count=\count273

(/nix/store/lh3wk9jx68lxjw9hm3zmmj3ppn80j96q-texlive-combined-2019/share/texmf/
tex/generic/pgf/modules/pgfmodulematrix.code.tex
File: pgfmodulematrix.code.tex 2020/01/08 v3.1.5b (3.1.5b)
\pgfmatrixcurrentrow=\count274
\pgfmatrixcurrentcolumn=\count275
\pgf@matrix@numberofcolumns=\count276
)
\tikz@expandcount=\count277

(/nix/store/lh3wk9jx68lxjw9hm3zmmj3ppn80j96q-texlive-combined-2019/share/texmf/
tex/generic/pgf/frontendlayer/tikz/libraries/tikzlibrarytopaths.code.tex
File: tikzlibrarytopaths.code.tex 2020/01/08 v3.1.5b (3.1.5b)
)))
(/nix/store/lh3wk9jx68lxjw9hm3zmmj3ppn80j96q-texlive-combined-2019/share/texmf/
tex/latex/tikz-cd/tikz-cd.sty
Package: tikz-cd 2018/11/19 v0.9f Commutative diagrams with TikZ

(/nix/store/lh3wk9jx68lxjw9hm3zmmj3ppn80j96q-texlive-combined-2019/share/texmf/
tex/generic/tikz-cd/tikzlibrarycd.code.tex
(/nix/store/lh3wk9jx68lxjw9hm3zmmj3ppn80j96q-texlive-combined-2019/share/texmf/
tex/generic/pgf/frontendlayer/tikz/libraries/tikzlibrarymatrix.code.tex
File: tikzlibrarymatrix.code.tex 2020/01/08 v3.1.5b (3.1.5b)
)
(/nix/store/lh3wk9jx68lxjw9hm3zmmj3ppn80j96q-texlive-combined-2019/share/texmf/
tex/generic/pgf/frontendlayer/tikz/libraries/tikzlibraryquotes.code.tex
File: tikzlibraryquotes.code.tex 2020/01/08 v3.1.5b (3.1.5b)
)
(/nix/store/lh3wk9jx68lxjw9hm3zmmj3ppn80j96q-texlive-combined-2019/share/texmf/
tex/generic/pgf/libraries/pgflibraryarrows.meta.code.tex
File: pgflibraryarrows.meta.code.tex 2020/01/08 v3.1.5b (3.1.5b)
\pgfarrowinset=\dimen198
\pgfarrowlength=\dimen199
\pgfarrowwidth=\dimen256
\pgfarrowlinewidth=\dimen257
)))
(/nix/store/lh3wk9jx68lxjw9hm3zmmj3ppn80j96q-texlive-combined-2019/share/texmf/
tex/latex/hyperref/hyperref.sty
Package: hyperref 2020/01/14 v7.00d Hypertext links for LaTeX

(/nix/store/lh3wk9jx68lxjw9hm3zmmj3ppn80j96q-texlive-combined-2019/share/texmf/
tex/generic/ltxcmds/ltxcmds.sty
Package: ltxcmds 2019/12/15 v1.24 LaTeX kernel commands for general use (HO)
)
(/nix/store/lh3wk9jx68lxjw9hm3zmmj3ppn80j96q-texlive-combined-2019/share/texmf/
tex/latex/pdftexcmds/pdftexcmds.sty
Package: pdftexcmds 2019/11/24 v0.31 Utility functions of pdfTeX for LuaTeX (HO)


(/nix/store/lh3wk9jx68lxjw9hm3zmmj3ppn80j96q-texlive-combined-2019/share/texmf/
tex/generic/infwarerr/infwarerr.sty
Package: infwarerr 2019/12/03 v1.5 Providing info/warning/error messages (HO)
)
Package pdftexcmds Info: \pdf@primitive is available.
Package pdftexcmds Info: \pdf@ifprimitive is available.
Package pdftexcmds Info: \pdfdraftmode found.
\pdftexcmds@toks=\toks31
)
(/nix/store/lh3wk9jx68lxjw9hm3zmmj3ppn80j96q-texlive-combined-2019/share/texmf/
tex/generic/kvsetkeys/kvsetkeys.sty
Package: kvsetkeys 2019/12/15 v1.18 Key value parser (HO)
)
(/nix/store/lh3wk9jx68lxjw9hm3zmmj3ppn80j96q-texlive-combined-2019/share/texmf/
tex/generic/kvdefinekeys/kvdefinekeys.sty
Package: kvdefinekeys 2019-12-19 v1.6 Define keys (HO)
)
(/nix/store/lh3wk9jx68lxjw9hm3zmmj3ppn80j96q-texlive-combined-2019/share/texmf/
tex/generic/pdfescape/pdfescape.sty
Package: pdfescape 2019/12/09 v1.15 Implements pdfTeX's escape features (HO)
)
(/nix/store/lh3wk9jx68lxjw9hm3zmmj3ppn80j96q-texlive-combined-2019/share/texmf/
tex/latex/hycolor/hycolor.sty
Package: hycolor 2020-01-27 v1.10 Color options for hyperref/bookmark (HO)
)
(/nix/store/lh3wk9jx68lxjw9hm3zmmj3ppn80j96q-texlive-combined-2019/share/texmf/
tex/latex/letltxmacro/letltxmacro.sty
Package: letltxmacro 2019/12/03 v1.6 Let assignment for LaTeX macros (HO)
)
(/nix/store/lh3wk9jx68lxjw9hm3zmmj3ppn80j96q-texlive-combined-2019/share/texmf/
tex/latex/auxhook/auxhook.sty
Package: auxhook 2019-12-17 v1.6 Hooks for auxiliary files (HO)
)
(/nix/store/lh3wk9jx68lxjw9hm3zmmj3ppn80j96q-texlive-combined-2019/share/texmf/
tex/latex/kvoptions/kvoptions.sty
Package: kvoptions 2019/11/29 v3.13 Key value format for package options (HO)
)
\@linkdim=\dimen258
\Hy@linkcounter=\count278
\Hy@pagecounter=\count279

(/nix/store/lh3wk9jx68lxjw9hm3zmmj3ppn80j96q-texlive-combined-2019/share/texmf/
tex/latex/hyperref/pd1enc.def
File: pd1enc.def 2020/01/14 v7.00d Hyperref: PDFDocEncoding definition (HO)
)
(/nix/store/lh3wk9jx68lxjw9hm3zmmj3ppn80j96q-texlive-combined-2019/share/texmf/
tex/generic/intcalc/intcalc.sty
Package: intcalc 2019/12/15 v1.3 Expandable calculations with integers (HO)
)
(/nix/store/lh3wk9jx68lxjw9hm3zmmj3ppn80j96q-texlive-combined-2019/share/texmf/
tex/generic/etexcmds/etexcmds.sty
Package: etexcmds 2019/12/15 v1.7 Avoid name clashes with e-TeX commands (HO)
)
\Hy@SavedSpaceFactor=\count280
Package hyperref Info: Hyper figures OFF on input line 4547.
Package hyperref Info: Link nesting OFF on input line 4552.
Package hyperref Info: Hyper index ON on input line 4555.
Package hyperref Info: Plain pages OFF on input line 4562.
Package hyperref Info: Backreferencing OFF on input line 4567.
Package hyperref Info: Implicit mode ON; LaTeX internals redefined.
Package hyperref Info: Bookmarks ON on input line 4800.
\c@Hy@tempcnt=\count281

(/nix/store/lh3wk9jx68lxjw9hm3zmmj3ppn80j96q-texlive-combined-2019/share/texmf/
tex/latex/url/url.sty
\Urlmuskip=\muskip16
Package: url 2013/09/16  ver 3.4  Verb mode for urls, etc.
)
LaTeX Info: Redefining \url on input line 5159.
\XeTeXLinkMargin=\dimen259

(/nix/store/lh3wk9jx68lxjw9hm3zmmj3ppn80j96q-texlive-combined-2019/share/texmf/
tex/generic/bitset/bitset.sty
Package: bitset 2019/12/09 v1.3 Handle bit-vector datatype (HO)

(/nix/store/lh3wk9jx68lxjw9hm3zmmj3ppn80j96q-texlive-combined-2019/share/texmf/
tex/generic/bigintcalc/bigintcalc.sty
Package: bigintcalc 2019/12/15 v1.5 Expandable calculations on big integers (HO)

))
\Fld@menulength=\count282
\Field@Width=\dimen260
\Fld@charsize=\dimen261
Package hyperref Info: Hyper figures OFF on input line 6430.
Package hyperref Info: Link nesting OFF on input line 6435.
Package hyperref Info: Hyper index ON on input line 6438.
Package hyperref Info: backreferencing OFF on input line 6445.
Package hyperref Info: Link coloring OFF on input line 6450.
Package hyperref Info: Link coloring with OCG OFF on input line 6455.
Package hyperref Info: PDF/A mode OFF on input line 6460.
LaTeX Info: Redefining \ref on input line 6500.
LaTeX Info: Redefining \pageref on input line 6504.

(/nix/store/lh3wk9jx68lxjw9hm3zmmj3ppn80j96q-texlive-combined-2019/share/texmf/
tex/generic/atbegshi/atbegshi.sty
Package: atbegshi 2019/12/05 v1.19 At begin shipout hook (HO)
)
\Hy@abspage=\count283
\c@Item=\count284
\c@Hfootnote=\count285
)
Package hyperref Info: Driver (autodetected): hluatex.

(/nix/store/lh3wk9jx68lxjw9hm3zmmj3ppn80j96q-texlive-combined-2019/share/texmf/
tex/latex/hyperref/hluatex.def
File: hluatex.def 2020/01/14 v7.00d Hyperref driver for luaTeX

(/nix/store/lh3wk9jx68lxjw9hm3zmmj3ppn80j96q-texlive-combined-2019/share/texmf/
tex/latex/hyperref/puenc.def
File: puenc.def 2020/01/14 v7.00d Hyperref: PDF Unicode definition (HO)
)
(/nix/store/lh3wk9jx68lxjw9hm3zmmj3ppn80j96q-texlive-combined-2019/share/texmf/
tex/generic/stringenc/stringenc.sty
Package: stringenc 2019/11/29 v1.12 Convert strings between diff. encodings (HO)

)
(/nix/store/lh3wk9jx68lxjw9hm3zmmj3ppn80j96q-texlive-combined-2019/share/texmf/
tex/latex/atveryend/atveryend.sty
Package: atveryend 2019-12-11 v1.11 Hooks at the very end of document (HO)
Package atveryend Info: \enddocument detected (standard20110627).
)
\Fld@listcount=\count286
\c@bookmark@seq@number=\count287

(/nix/store/lh3wk9jx68lxjw9hm3zmmj3ppn80j96q-texlive-combined-2019/share/texmf/
tex/latex/rerunfilecheck/rerunfilecheck.sty
Package: rerunfilecheck 2019/12/05 v1.9 Rerun checks for auxiliary files (HO)

(/nix/store/lh3wk9jx68lxjw9hm3zmmj3ppn80j96q-texlive-combined-2019/share/texmf/
tex/generic/uniquecounter/uniquecounter.sty
Package: uniquecounter 2019/12/15 v1.4 Provide unlimited unique counter (HO)
)
Package uniquecounter Info: New unique counter `rerunfilecheck' on input line 28
6.
)
\Hy@SectionHShift=\skip49
)
Package hyperref Info: Option `colorlinks' set `true' on input line 11.
 (./summer2020resume.aux)
\openout1 = summer2020resume.aux

LaTeX Font Info:    Checking defaults for OML/cmm/m/it on input line 38.
LaTeX Font Info:    ... okay on input line 38.
LaTeX Font Info:    Checking defaults for OMS/cmsy/m/n on input line 38.
LaTeX Font Info:    ... okay on input line 38.
LaTeX Font Info:    Checking defaults for OT1/cmr/m/n on input line 38.
LaTeX Font Info:    ... okay on input line 38.
LaTeX Font Info:    Checking defaults for T1/cmr/m/n on input line 38.
LaTeX Font Info:    ... okay on input line 38.
LaTeX Font Info:    Checking defaults for TS1/cmr/m/n on input line 38.
LaTeX Font Info:    Trying to load font information for TS1+cmr on input line 38
.

(/nix/store/lh3wk9jx68lxjw9hm3zmmj3ppn80j96q-texlive-combined-2019/share/texmf/
tex/latex/base/ts1cmr.fd
File: ts1cmr.fd 2019/12/16 v2.5j Standard LaTeX font definitions
)
LaTeX Font Info:    ... okay on input line 38.
LaTeX Font Info:    Checking defaults for TU/lmr/m/n on input line 38.
LaTeX Font Info:    ... okay on input line 38.
LaTeX Font Info:    Checking defaults for OMX/cmex/m/n on input line 38.
LaTeX Font Info:    ... okay on input line 38.
LaTeX Font Info:    Checking defaults for U/cmr/m/n on input line 38.
LaTeX Font Info:    ... okay on input line 38.
LaTeX Font Info:    Checking defaults for PD1/pdf/m/n on input line 38.
LaTeX Font Info:    ... okay on input line 38.
LaTeX Font Info:    Checking defaults for PU/pdf/m/n on input line 38.
LaTeX Font Info:    ... okay on input line 38.
LaTeX Font Info:    Font shape `TU/Alegreya(1)/m/n' will be
(Font)              scaled to size 10.0pt on input line 38.

*geometry* driver: auto-detecting
*geometry* detected driver: luatex
*geometry* verbose mode - [ preamble ] result:
* driver: luatex
* paper: <default>
* layout: <same size as paper>
* layoutoffset:(h,v)=(0.0pt,0.0pt)
* modes: 
* h-part:(L,W,R)=(36.135pt, 542.02501pt, 36.135pt)
* v-part:(T,H,B)=(36.135pt, 722.7pt, 36.135pt)
* \paperwidth=614.295pt
* \paperheight=794.96999pt
* \textwidth=542.02501pt
* \textheight=722.7pt
* \oddsidemargin=-36.135pt
* \evensidemargin=-36.135pt
* \topmargin=-73.135pt
* \headheight=12.0pt
* \headsep=25.0pt
* \topskip=10.0pt
* \footskip=30.0pt
* \marginparwidth=65.0pt
* \marginparsep=11.0pt
* \columnsep=10.0pt
* \skip\footins=9.0pt plus 4.0pt minus 2.0pt
* \hoffset=0.0pt
* \voffset=0.0pt
* \mag=1000
* \@twocolumnfalse
* \@twosidefalse
* \@mparswitchfalse
* \@reversemarginfalse
* (1in=72.27pt=25.4mm, 1cm=28.453pt)


(/nix/store/lh3wk9jx68lxjw9hm3zmmj3ppn80j96q-texlive-combined-2019/share/texmf/
tex/context/base/mkii/supp-pdf.mkii
[Loading MPS to PDF converter (version 2006.09.02).]
\scratchcounter=\count288
\scratchdimen=\dimen262
\scratchbox=\box57
\nofMPsegments=\count289
\nofMParguments=\count290
\everyMPshowfont=\toks32
\MPscratchCnt=\count291
\MPscratchDim=\dimen263
\MPnumerator=\count292
\makeMPintoPDFobject=\count293
\everyMPtoPDFconversion=\toks33
)
(/nix/store/lh3wk9jx68lxjw9hm3zmmj3ppn80j96q-texlive-combined-2019/share/texmf/
tex/latex/epstopdf-pkg/epstopdf-base.sty
Package: epstopdf-base 2020-01-24 v2.11 Base part for package epstopdf
Package epstopdf-base Info: Redefining graphics rule for `.eps' on input line 48
5.

(/nix/store/lh3wk9jx68lxjw9hm3zmmj3ppn80j96q-texlive-combined-2019/share/texmf/
tex/latex/latexconfig/epstopdf-sys.cfg
File: epstopdf-sys.cfg 2010/07/13 v1.3 Configuration of (r)epstopdf for TeX Live

))

Package fontspec Info: Adjusting the maths setup (use [no-math] to avoid
(fontspec)             this).

\symlegacymaths=\mathgroup4
LaTeX Font Info:    Overwriting symbol font `legacymaths' in version `bold'
(Font)                  OT1/cmr/m/n --> OT1/cmr/bx/n on input line 38.
LaTeX Font Info:    Redeclaring math accent \acute on input line 38.
LaTeX Font Info:    Redeclaring math accent \grave on input line 38.
LaTeX Font Info:    Redeclaring math accent \ddot on input line 38.
LaTeX Font Info:    Redeclaring math accent \tilde on input line 38.
LaTeX Font Info:    Redeclaring math accent \bar on input line 38.
LaTeX Font Info:    Redeclaring math accent \breve on input line 38.
LaTeX Font Info:    Redeclaring math accent \check on input line 38.
LaTeX Font Info:    Redeclaring math accent \hat on input line 38.
LaTeX Font Info:    Redeclaring math accent \dot on input line 38.
LaTeX Font Info:    Redeclaring math accent \mathring on input line 38.
LaTeX Font Info:    Redeclaring math symbol \colon on input line 38.
LaTeX Font Info:    Redeclaring math symbol \Gamma on input line 38.
LaTeX Font Info:    Redeclaring math symbol \Delta on input line 38.
LaTeX Font Info:    Redeclaring math symbol \Theta on input line 38.
LaTeX Font Info:    Redeclaring math symbol \Lambda on input line 38.
LaTeX Font Info:    Redeclaring math symbol \Xi on input line 38.
LaTeX Font Info:    Redeclaring math symbol \Pi on input line 38.
LaTeX Font Info:    Redeclaring math symbol \Sigma on input line 38.
LaTeX Font Info:    Redeclaring math symbol \Upsilon on input line 38.
LaTeX Font Info:    Redeclaring math symbol \Phi on input line 38.
LaTeX Font Info:    Redeclaring math symbol \Psi on input line 38.
LaTeX Font Info:    Redeclaring math symbol \Omega on input line 38.
LaTeX Font Info:    Redeclaring math symbol \mathdollar on input line 38.
LaTeX Font Info:    Redeclaring symbol font `operators' on input line 38.
LaTeX Font Info:    Encoding `OT1' has changed to `TU' for symbol font
(Font)              `operators' in the math version `normal' on input line 38.
LaTeX Font Info:    Overwriting symbol font `operators' in version `normal'
(Font)                  OT1/cmr/m/n --> TU/Alegreya(0)/m/n on input line 38.
LaTeX Font Info:    Encoding `OT1' has changed to `TU' for symbol font
(Font)              `operators' in the math version `bold' on input line 38.
LaTeX Font Info:    Overwriting symbol font `operators' in version `bold'
(Font)                  OT1/cmr/bx/n --> TU/Alegreya(0)/m/n on input line 38.
LaTeX Font Info:    Overwriting symbol font `operators' in version `normal'
(Font)                  TU/Alegreya(0)/m/n --> TU/Alegreya(0)/m/n on input line 
38.
LaTeX Font Info:    Overwriting math alphabet `\mathit' in version `normal'
(Font)                  OT1/cmr/m/it --> TU/Alegreya(0)/m/it on input line 38.
LaTeX Font Info:    Overwriting math alphabet `\mathbf' in version `normal'
(Font)                  OT1/cmr/bx/n --> TU/Alegreya(0)/b/n on input line 38.
LaTeX Font Info:    Overwriting math alphabet `\mathsf' in version `normal'
(Font)                  OT1/cmss/m/n --> TU/lmss/m/n on input line 38.
LaTeX Font Info:    Overwriting math alphabet `\mathtt' in version `normal'
(Font)                  OT1/cmtt/m/n --> TU/lmtt/m/n on input line 38.
LaTeX Font Info:    Overwriting symbol font `operators' in version `bold'
(Font)                  TU/Alegreya(0)/m/n --> TU/Alegreya(0)/b/n on input line 
38.
LaTeX Font Info:    Overwriting math alphabet `\mathit' in version `bold'
(Font)                  OT1/cmr/bx/it --> TU/Alegreya(0)/b/it on input line 38.
LaTeX Font Info:    Overwriting math alphabet `\mathsf' in version `bold'
(Font)                  OT1/cmss/bx/n --> TU/lmss/b/n on input line 38.
LaTeX Font Info:    Overwriting math alphabet `\mathtt' in version `bold'
(Font)                  OT1/cmtt/m/n --> TU/lmtt/b/n on input line 38.
 ABD: EveryShipout initializing macros
\AtBeginShipoutBox=\box58
Package hyperref Info: Link coloring ON on input line 38.

(/nix/store/lh3wk9jx68lxjw9hm3zmmj3ppn80j96q-texlive-combined-2019/share/texmf/
tex/latex/hyperref/nameref.sty
Package: nameref 2019/09/16 v2.46 Cross-referencing by name of section

(/nix/store/lh3wk9jx68lxjw9hm3zmmj3ppn80j96q-texlive-combined-2019/share/texmf/
tex/latex/refcount/refcount.sty
Package: refcount 2019/12/15 v3.6 Data extraction from label references (HO)
)
(/nix/store/lh3wk9jx68lxjw9hm3zmmj3ppn80j96q-texlive-combined-2019/share/texmf/
tex/generic/gettitlestring/gettitlestring.sty
Package: gettitlestring 2019/12/15 v1.6 Cleanup title references (HO)
)
\c@section@level=\count294
)
LaTeX Info: Redefining \ref on input line 38.
LaTeX Info: Redefining \pageref on input line 38.
LaTeX Info: Redefining \nameref on input line 38.
 (./summer2020resume.out)
(./summer2020resume.out)
\@outlinefile=\write4

\openout4 = summer2020resume.out
LaTeX Font Info:    Font shape `TU/Alegreya(1)/m/n' will be
(Font)              scaled to size 20.74pt on input line 43.

Overfull \hbox (1.31998pt too wide) in paragraph at lines 41--50
[][] [] 
 []

LaTeX Font Info:    Font shape `TU/Alegreya(1)/m/n' will be
(Font)              scaled to size 14.4pt on input line 54.
LaTeX Font Info:    Font shape `TU/Alegreya(1)/m/sc' will be
(Font)              scaled to size 14.4pt on input line 54.
LaTeX Font Info:    Font shape `TU/Alegreya(1)/m/n' will be
(Font)              scaled to size 12.0pt on input line 58.
LaTeX Font Info:    Font shape `TU/Alegreya(1)/b/n' will be
(Font)              scaled to size 12.0pt on input line 58.

Underfull \hbox (badness 3189) in paragraph at lines 79--80
\TU/Alegreya(1)/m/n/10 Statis-tics (Grad-u-ate), Topol-ogy 󰋆+󰋇 (Grad-u-at
e), Al-ge-bra 󰋆+󰋇
 []


Overfull \hbox (1.31998pt too wide) in paragraph at lines 57--81
[][] [] 
 []


Overfull \hbox (1.31998pt too wide) in paragraph at lines 86--100
[][] [] 
 []


Overfull \hbox (1.31998pt too wide) in paragraph at lines 103--125
[][] [] 
 []


Overfull \hbox (1.31998pt too wide) in paragraph at lines 130--140
[][] [] 
 []


Underfull \hbox (badness 5741) in paragraph at lines 150--151
[]\TU/Alegreya(1)/m/n/10 Writ-ings on mis-cel-la-neous top-ics, up-dated semi-r
egularly.
 []


Overfull \hbox (1.31998pt too wide) in paragraph at lines 142--152
[][] [] 
 []


Overfull \hbox (1.31998pt too wide) in paragraph at lines 154--168
[][] [] 
 []

(./julia.pdf_tex
<julia.pdf, id=17, page=1, 326.21875pt x 301.125pt>
File: julia.pdf Graphic file (type pdf)
<use julia.pdf, page 1>
Package luatex.def Info: julia.pdf , page1 used on input line 56.
(luatex.def)             Requested size: 36.98866pt x 34.1393pt.
) (./haskell.pdf_tex
<haskell.pdf, id=18, page=1, 483.69771pt x 341.43184pt>
File: haskell.pdf Graphic file (type pdf)
<use haskell.pdf, page 1>
Package luatex.def Info: haskell.pdf , page1 used on input line 56.
(luatex.def)             Requested size: 36.98866pt x 26.10641pt.
) (./rust.pdf_tex
<rust.pdf, id=19, page=1, 78.6687pt x 78.6687pt>
File: rust.pdf Graphic file (type pdf)
<use rust.pdf, page 1>
Package luatex.def Info: rust.pdf , page1 used on input line 56.
(luatex.def)             Requested size: 36.98866pt x 36.9887pt.
) (./c.pdf_tex
<c.pdf, id=20, page=1, 1672.74937pt x 1881.8422pt>
File: c.pdf Graphic file (type pdf)
<use c.pdf, page 1>
Package luatex.def Info: c.pdf , page1 used on input line 56.
(luatex.def)             Requested size: 36.98866pt x 41.60739pt.
)
(./python.pdf_tex
<python.pdf, id=21, page=1, 83.12639pt x 82.69351pt>
File: python.pdf Graphic file (type pdf)
<use python.pdf, page 1>
Package luatex.def Info: python.pdf , page1 used on input line 56.
(luatex.def)             Requested size: 36.98866pt x 36.79533pt.
) (./R.pdf_tex
<R.pdf, id=22, page=1, 545.03625pt x 422.32782pt>
File: R.pdf Graphic file (type pdf)
<use R.pdf, page 1>
Package luatex.def Info: R.pdf , page1 used on input line 56.
(luatex.def)             Requested size: 36.98866pt x 28.65733pt.
)
<matlab.png, id=23, 675.27281pt x 606.76688pt>
File: matlab.png Graphic file (type png)
<use matlab.png>
Package luatex.def Info: matlab.png  used on input line 217.
(luatex.def)             Requested size: 36.98866pt x 33.22878pt.
 (./nixos.pdf_tex
<nixos.pdf, id=24, page=1, 402.89508pt x 349.527pt>
File: nixos.pdf Graphic file (type pdf)
<use nixos.pdf, page 1>
Package luatex.def Info: nixos.pdf , page1 used on input line 56.
(luatex.def)             Requested size: 36.98866pt x 32.0854pt.
) (./linux.pdf_tex
<linux.pdf, id=25, page=1, 187.61092pt x 228.9966pt>
File: linux.pdf Graphic file (type pdf)
<use linux.pdf, page 1>
Package luatex.def Info: linux.pdf , page1 used on input line 56.
(luatex.def)             Requested size: 36.98866pt x 45.14508pt.
)
(./git.pdf_tex
<git.pdf, id=26, page=1, 92.23315pt x 92.231pt>
File: git.pdf Graphic file (type pdf)
<use git.pdf, page 1>
Package luatex.def Info: git.pdf , page1 used on input line 56.
(luatex.def)             Requested size: 36.98866pt x 36.98743pt.
) [1

{/nix/store/lh3wk9jx68lxjw9hm3zmmj3ppn80j96q-texlive-combined-2019/share/texmf-v
ar/fonts/map/pdftex/updmap/pdftex.map}<./julia.pdf><./haskell.pdf><./rust.pdf><.
/c.pdf><./python.pdf><./R.pdf><./matlab.png><./nixos.pdf><./linux.pdf><./git.pdf
>]
Package atveryend Info: Empty hook `BeforeClearDocument' on input line 223.
Package atveryend Info: Empty hook `AfterLastShipout' on input line 223.
 (./summer2020resume.aux)
Package atveryend Info: Executing hook `AtVeryEndDocument' on input line 223.
Package atveryend Info: Executing hook `AtEndAfterFileList' on input line 223.
Package rerunfilecheck Info: File `summer2020resume.out' has not changed.
(rerunfilecheck)             Checksum: D41D8CD98F00B204E9800998ECF8427E;0.
Package atveryend Info: Empty hook `AtVeryVeryEnd' on input line 223.
)

Here is how much of LuaTeX's memory you used:
 24177 strings out of 481351
 100000,953878 words of node,token memory allocated
 418 words of node memory still in use:
   3 hlist, 1 vlist, 1 rule, 2 glue, 3 kern, 1 glyph, 5 attribute, 49 glue_spec,
 5 attribute_list, 2 write nodes
   avail lists: 2:792,3:164,4:29,5:494,6:106,7:4109,8:14,9:383,10:10,11:328
 40138 multiletter control sequences out of 65536+600000
 51 fonts using 11738203 bytes
 60i,10n,100p,417b,428s stack positions out of 5000i,500n,10000p,200000b,100000s
</nix/store/nz1jmlzcimxa0z76skc9cyll2n60z2hy-texlive-alegreya-2019/fonts/opentyp
e/huerta/alegreya/Alegreya-Bold.otf></nix/store/lh3wk9jx68lxjw9hm3zmmj3ppn80j96q
-texlive-combined-2019/share/texmf/fonts/opentype/public/lm/lmmono10-regular.otf
></nix/store/nz1jmlzcimxa0z76skc9cyll2n60z2hy-texlive-alegreya-2019/fonts/openty
pe/huerta/alegreya/Alegreya-Regular.otf>
Output written on summer2020resume.pdf (1 page, 283822 bytes).

PDF statistics: 335 PDF objects out of 1000 (max. 8388607)
 215 compressed objects within 3 object streams
 2 named destinations out of 1000 (max. 131072)
 16 words of extra memory for PDF output out of 10000 (max. 100000000)

